\BOOKMARK [1][-]{section.1}{Introduction}{}% 1
\BOOKMARK [1][-]{section.2}{Bayesian Additive Models for Location, Scale and Shape}{}% 2
\BOOKMARK [2][-]{subsection.2.1}{Additive Models}{section.2}% 3
\BOOKMARK [2][-]{subsection.2.2}{Structured Additive Regression Models}{section.2}% 4
\BOOKMARK [3][-]{subsubsection.2.2.1}{Spatial Effects}{subsection.2.2}% 5
\BOOKMARK [3][-]{subsubsection.2.2.2}{Interaction Terms}{subsection.2.2}% 6
\BOOKMARK [3][-]{subsubsection.2.2.3}{Random Effects}{subsection.2.2}% 7
\BOOKMARK [2][-]{subsection.2.3}{Generalized Structured Additive Regression Models}{section.2}% 8
\BOOKMARK [2][-]{subsection.2.4}{Structured Additive Distributional Regression}{section.2}% 9
\BOOKMARK [3][-]{subsubsection.2.4.1}{GAMLSS}{subsection.2.4}% 10
\BOOKMARK [3][-]{subsubsection.2.4.2}{BAMLSS}{subsection.2.4}% 11
\BOOKMARK [2][-]{subsection.2.5}{Estimation}{section.2}% 12
\BOOKMARK [3][-]{subsubsection.2.5.1}{STAR and Generalized STAR models}{subsection.2.5}% 13
\BOOKMARK [3][-]{subsubsection.2.5.2}{GAMLSS}{subsection.2.5}% 14
\BOOKMARK [3][-]{subsubsection.2.5.3}{BAMLSS}{subsection.2.5}% 15
\BOOKMARK [1][-]{section.3}{bamlss.vis}{}% 16
\BOOKMARK [2][-]{subsection.3.1}{Motivation}{section.3}% 17
\BOOKMARK [2][-]{subsection.3.2}{Case-Study}{section.3}% 18
\BOOKMARK [2][-]{subsection.3.3}{Application Structure \046 Guide}{section.3}% 19
\BOOKMARK [3][-]{subsubsection.3.3.1}{Overview Tab}{subsection.3.3}% 20
\BOOKMARK [3][-]{subsubsection.3.3.2}{Scenarios Tab}{subsection.3.3}% 21
\BOOKMARK [3][-]{subsubsection.3.3.3}{Plot Tab}{subsection.3.3}% 22
\BOOKMARK [3][-]{subsubsection.3.3.4}{Scenario Data Tab}{subsection.3.3}% 23
\BOOKMARK [3][-]{subsubsection.3.3.5}{Properties Tab}{subsection.3.3}% 24
\BOOKMARK [2][-]{subsection.3.4}{Additional Functions}{section.3}% 25
\BOOKMARK [3][-]{subsubsection.3.4.1}{Discrete Responses}{subsection.3.4}% 26
\BOOKMARK [3][-]{subsubsection.3.4.2}{Multivariate Responses}{subsection.3.4}% 27
\BOOKMARK [3][-]{subsubsection.3.4.3}{Multinomial Responses}{subsection.3.4}% 28
\BOOKMARK [1][-]{section.4}{Conclusion}{}% 29
\BOOKMARK [1][-]{appendix.A}{Appendix}{}% 30
\BOOKMARK [1][-]{section*.29}{Bibliography}{}% 31
